<?xml version="1.0" encoding="UTF-8"?>
<!DOCTYPE html PUBLIC "-//W3C//DTD XHTML 1.0 Strict//EN" "http://www.w3.org/TR/xhtml1/DTD/xhtml1-strict.dtd">
<html xmlns="http://www.w3.org/1999/xhtml">
<head>
    <title>Test Report</title>
    <meta name="generator" content="HTMLTestRunner 0.9.1"/>
    <meta http-equiv="Content-Type" content="text/html; charset=UTF-8"/>
    
    <link href="http://cdn.bootcss.com/bootstrap/3.3.0/css/bootstrap.min.css" rel="stylesheet">
    <script src="https://cdn.bootcss.com/echarts/3.8.5/echarts.common.min.js"></script>
    <!-- <script type="text/javascript" src="js/echarts.common.min.js"></script> -->
    
    
<style type="text/css" media="screen">
    body        { font-family: Microsoft YaHei,Consolas,arial,sans-serif; font-size: 80%; }
    table       { font-size: 100%; }
    pre         { white-space: pre-wrap;word-wrap: break-word; }
    /* -- heading ---------------------------------------------------------------------- */
    h1 {
        font-size: 16pt;
        color: gray;
    }
    .heading {
        margin-top: 0ex;
        margin-bottom: 1ex;
    }
    .heading .attribute {
        margin-top: 1ex;
        margin-bottom: 0;
    }
    .heading .description {
        margin-top: 2ex;
        margin-bottom: 3ex;
    }
    /* -- css div popup ------------------------------------------------------------------------ */
    a.popup_link {
    }
    a.popup_link:hover {
        color: red;
    }
    .popup_window {
        display: none;
        position: relative;
        left: 0px;
        top: 0px;
        /*border: solid #627173 1px; */
        padding: 10px;
        /*background-color: #E6E6D6; */
        font-family: "Lucida Console", "Courier New", Courier, monospace;
        text-align: left;
        font-size: 8pt;
        /* width: 500px;*/
    }
    }
    /* -- report ------------------------------------------------------------------------ */
    #show_detail_line {
        margin-top: 3ex;
        margin-bottom: 1ex;
    }
    #result_table {
        width: 99%;
    }
    #header_row {
        font-weight: bold;
        color: #303641;
        background-color: #ebebeb;
    }
    #total_row  { font-weight: bold; }
    .passClass  { background-color: #bdedbc; }
    .failClass  { background-color: #ffefa4; }
    .errorClass { background-color: #ffc9c9; }
    .passCase   { color: #6c6; }
    .failCase   { color: #FF6600; font-weight: bold; }
    .errorCase  { color: #c00; font-weight: bold; }
    .hiddenRow  { display: none; }
    .testcase   { margin-left: 2em; }
    /* -- ending ---------------------------------------------------------------------- */
    #ending {
    }
    #div_base {
                position:absolute;
                top:0%;
                left:5%;
                right:5%;
                width: auto;
                height: auto;
                margin: -15px 0 0 0;
    }
</style>

    
</head>
<body>
    <script language="javascript" type="text/javascript"><!--
    output_list = Array();
    /* level - 0:Summary; 1:Failed; 2:All */
    function showCase(level) {
        trs = document.getElementsByTagName("tr");
        for (var i = 0; i < trs.length; i++) {
            tr = trs[i];
            id = tr.id;
            if (id.substr(0,2) == 'ft') {
                if (level < 1) {
                    tr.className = 'hiddenRow';
                }
                else {
                    tr.className = '';
                }
            }
            if (id.substr(0,2) == 'pt') {
                if (level > 1) {
                    tr.className = '';
                }
                else {
                    tr.className = 'hiddenRow';
                }
            }
        }
    }
    function showClassDetail(cid, count) {
        var id_list = Array(count);
        var toHide = 1;
        for (var i = 0; i < count; i++) {
            tid0 = 't' + cid.substr(1) + '.' + (i+1);
            tid = 'f' + tid0;
            tr = document.getElementById(tid);
            if (!tr) {
                tid = 'p' + tid0;
                tr = document.getElementById(tid);
            }
            id_list[i] = tid;
            if (tr.className) {
                toHide = 0;
            }
        }
        for (var i = 0; i < count; i++) {
            tid = id_list[i];
            if (toHide) {
                document.getElementById('div_'+tid).style.display = 'none'
                document.getElementById(tid).className = 'hiddenRow';
            }
            else {
                document.getElementById(tid).className = '';
            }
        }
    }
    function showTestDetail(div_id){
        var details_div = document.getElementById(div_id)
        var displayState = details_div.style.display
        // alert(displayState)
        if (displayState != 'block' ) {
            displayState = 'block'
            details_div.style.display = 'block'
        }
        else {
            details_div.style.display = 'none'
        }
    }
    function html_escape(s) {
        s = s.replace(/&/g,'&amp;');
        s = s.replace(/</g,'&lt;');
        s = s.replace(/>/g,'&gt;');
        return s;
    }
    /* obsoleted by detail in <div>
    function showOutput(id, name) {
        var w = window.open("", //url
                        name,
                        "resizable,scrollbars,status,width=800,height=450");
        d = w.document;
        d.write("<pre>");
        d.write(html_escape(output_list[id]));
        d.write("\n");
        d.write("<a href='javascript:window.close()'>close</a>\n");
        d.write("</pre>\n");
        d.close();
    }
    */
    --></script>
    <div id="div_base">
        
    <div class='page-header'>
        <h1>Test Report</h1>
    <p class='attribute'><strong>Start Time:</strong> 2019-12-16 10:33:22</p>
<p class='attribute'><strong>Duration:</strong> 1:10:30.188232</p>
<p class='attribute'><strong>Status:</strong> PASS 36 FAIL 2 ERROR 17</p>

    </div>
    <div style="float: left;width:50%;"><p class='description'></p></div>
    <div id="chart" style="width:50%;height:400px;float:left;"></div>

        
    <div class="btn-group btn-group-sm">
        <button class="btn btn-default" onclick='javascript:showCase(0)'>Summary</button>
        <button class="btn btn-default" onclick='javascript:showCase(1)'>FAIL</button>
        <button class="btn btn-default" onclick='javascript:showCase(2)'>All</button>
    </div>
    <p></p>
    <table id='result_table' class="table table-bordered">
        <colgroup>
            <col align='left' />
            <col align='right' />
            <col align='right' />
            <col align='right' />
            <col align='right' />
            <col align='right' />
        </colgroup>
        <tr id='header_row'>
            <td>Test Suite/Test Case</td>
            <td>Total</td>
            <td>PASS</td>
            <td>FAIL</td>
            <td>ERROR</td>
            <td>Info</td>
        </tr>
        
    <tr class='errorClass'>
        <td>test_GamePage_SSC_Canada30.GamePageSSCLottery1TestCase</td>
        <td>55</td>
        <td>36</td>
        <td>2</td>
        <td>17</td>
        <td><a href="javascript:showClassDetail('c1',55)">Detail</a></td>
    </tr>

<tr id='pt1.1' class='hiddenRow'>
    <td class='none'><div class='testcase'>test_01_Lottery1_pro_normal_fiveStar_fiveStarDirectSelection</div></td>
    <td colspan='5' align='center'>PASS</td>
</tr>

<tr id='pt1.2' class='hiddenRow'>
    <td class='none'><div class='testcase'>test_02_Lottery1_pro_normal_fiveStar_fiveStarOrder</div></td>
    <td colspan='5' align='center'>PASS</td>
</tr>

<tr id='pt1.3' class='hiddenRow'>
    <td class='none'><div class='testcase'>test_03_Lottery1_pro_normal_fiveStar_selection120</div></td>
    <td colspan='5' align='center'>PASS</td>
</tr>

<tr id='pt1.4' class='hiddenRow'>
    <td class='none'><div class='testcase'>test_04_Lottery1_pro_normal_fiveStar_selection60</div></td>
    <td colspan='5' align='center'>PASS</td>
</tr>

<tr id='ft1.5' class='none'>
    <td class='errorCase'><div class='testcase'>test_05_Lottery1_pro_normal_fiveStar_selection30</div></td>
    <td colspan='5' align='center'>
    <!--css div popup start-->
    <a class="popup_link" onfocus='this.blur();' href="javascript:showTestDetail('div_ft1.5')" >
        ERROR</a>
    <div id='div_ft1.5' class="popup_window">
        <pre>ft1.5: Traceback (most recent call last):
  File "C:\Users\alvis.chen\mobile\MobileAutomation\test_UI\case\test_GamePage_SSC_Canada30.py", line 185, in test_05_Lottery1_pro_normal_fiveStar_selection30
    ssc_page.switch_pro_game_type("normal", "fiveStar", "selection30")
  File "C:\Users\alvis.chen\mobile\MobileAutomation\test_UI\page\GamePage_SSC.py", line 318, in switch_pro_game_type
    game_type = self.find_element(*self.pro_game_type_normal)
  File "C:\Users\alvis.chen\mobile\MobileAutomation\test_UI\common\BasePage.py", line 19, in find_element
    WebDriverWait(self.driver, 10).until(expected_conditions.presence_of_element_located(loc))
  File "C:\Users\alvis.chen\AppData\Local\Programs\Python\Python38-32\lib\site-packages\selenium\webdriver\support\wait.py", line 80, in until
    raise TimeoutException(message, screen, stacktrace)
selenium.common.exceptions.TimeoutException: Message: 

</pre>
    </div>
    <!--css div popup end-->
    </td>
</tr>

<tr id='pt1.6' class='hiddenRow'>
    <td class='none'><div class='testcase'>test_06_Lottery1_pro_normal_fiveStar_selection20</div></td>
    <td colspan='5' align='center'>PASS</td>
</tr>

<tr id='pt1.7' class='hiddenRow'>
    <td class='none'><div class='testcase'>test_07_Lottery1_pro_normal_fiveStar_selection10</div></td>
    <td colspan='5' align='center'>PASS</td>
</tr>

<tr id='ft1.8' class='none'>
    <td class='errorCase'><div class='testcase'>test_08_Lottery1_pro_normal_fiveStar_selection5</div></td>
    <td colspan='5' align='center'>
    <!--css div popup start-->
    <a class="popup_link" onfocus='this.blur();' href="javascript:showTestDetail('div_ft1.8')" >
        ERROR</a>
    <div id='div_ft1.8' class="popup_window">
        <pre>ft1.8: Traceback (most recent call last):
  File "C:\Users\alvis.chen\mobile\MobileAutomation\test_UI\case\test_GamePage_SSC_Canada30.py", line 299, in test_08_Lottery1_pro_normal_fiveStar_selection5
    ssc_page.switch_pro_game_type("normal", "fiveStar", "selection5")
  File "C:\Users\alvis.chen\mobile\MobileAutomation\test_UI\page\GamePage_SSC.py", line 318, in switch_pro_game_type
    game_type = self.find_element(*self.pro_game_type_normal)
  File "C:\Users\alvis.chen\mobile\MobileAutomation\test_UI\common\BasePage.py", line 19, in find_element
    WebDriverWait(self.driver, 10).until(expected_conditions.presence_of_element_located(loc))
  File "C:\Users\alvis.chen\AppData\Local\Programs\Python\Python38-32\lib\site-packages\selenium\webdriver\support\wait.py", line 80, in until
    raise TimeoutException(message, screen, stacktrace)
selenium.common.exceptions.TimeoutException: Message: 

</pre>
    </div>
    <!--css div popup end-->
    </td>
</tr>

<tr id='ft1.9' class='none'>
    <td class='errorCase'><div class='testcase'>test_09_Lottery1_pro_normal_threeStar_front3Choice</div></td>
    <td colspan='5' align='center'>
    <!--css div popup start-->
    <a class="popup_link" onfocus='this.blur();' href="javascript:showTestDetail('div_ft1.9')" >
        ERROR</a>
    <div id='div_ft1.9' class="popup_window">
        <pre>ft1.9: Element Not Found. Please check again. Current Page: &lt;test_UI.common.GamePage_Common.GamePageCommon object at 0x045479A0&gt;,
Element: ('id', 'txt_countdown').
Traceback (most recent call last):
  File "C:\Users\alvis.chen\mobile\MobileAutomation\test_UI\case\test_GamePage_SSC_Canada30.py", line 336, in test_09_Lottery1_pro_normal_threeStar_front3Choice
    ssc_page.switch_bet_category("pro")
  File "C:\Users\alvis.chen\mobile\MobileAutomation\test_UI\page\GamePage_SSC.py", line 298, in switch_bet_category
    GamePageCommon(self.driver).check_countdown_bet_page()
  File "C:\Users\alvis.chen\mobile\MobileAutomation\test_UI\common\GamePage_Common.py", line 171, in check_countdown_bet_page
    info_countdown = self.find_element(*self.info_countdown_all_page).text
AttributeError: 'NoneType' object has no attribute 'text'
</pre>
    </div>
    <!--css div popup end-->
    </td>
</tr>

<tr id='pt1.10' class='hiddenRow'>
    <td class='none'><div class='testcase'>test_10_Lottery1_pro_normal_threeStar_front3Order</div></td>
    <td colspan='5' align='center'>PASS</td>
</tr>

<tr id='ft1.11' class='none'>
    <td class='errorCase'><div class='testcase'>test_11_Lottery1_pro_normal_threeStar_middle3Choice</div></td>
    <td colspan='5' align='center'>
    <!--css div popup start-->
    <a class="popup_link" onfocus='this.blur();' href="javascript:showTestDetail('div_ft1.11')" >
        ERROR</a>
    <div id='div_ft1.11' class="popup_window">
        <pre>ft1.11: Traceback (most recent call last):
  File "C:\Users\alvis.chen\mobile\MobileAutomation\test_UI\case\test_GamePage_SSC_Canada30.py", line 413, in test_11_Lottery1_pro_normal_threeStar_middle3Choice
    ssc_page.switch_pro_game_type("normal", "threeStar", "middle3Choice")
  File "C:\Users\alvis.chen\mobile\MobileAutomation\test_UI\page\GamePage_SSC.py", line 318, in switch_pro_game_type
    game_type = self.find_element(*self.pro_game_type_normal)
  File "C:\Users\alvis.chen\mobile\MobileAutomation\test_UI\common\BasePage.py", line 19, in find_element
    WebDriverWait(self.driver, 10).until(expected_conditions.presence_of_element_located(loc))
  File "C:\Users\alvis.chen\AppData\Local\Programs\Python\Python38-32\lib\site-packages\selenium\webdriver\support\wait.py", line 80, in until
    raise TimeoutException(message, screen, stacktrace)
selenium.common.exceptions.TimeoutException: Message: 

</pre>
    </div>
    <!--css div popup end-->
    </td>
</tr>

<tr id='ft1.12' class='none'>
    <td class='errorCase'><div class='testcase'>test_12_Lottery1_pro_normal_threeStar_middle3Order</div></td>
    <td colspan='5' align='center'>
    <!--css div popup start-->
    <a class="popup_link" onfocus='this.blur();' href="javascript:showTestDetail('div_ft1.12')" >
        ERROR</a>
    <div id='div_ft1.12' class="popup_window">
        <pre>ft1.12: Element Not Found. Please check again. Current Page: &lt;test_UI.common.GamePage_Common.GamePageCommon object at 0x045478B0&gt;,
Element: ('id', 'button1').
Traceback (most recent call last):
  File "C:\Users\alvis.chen\mobile\MobileAutomation\test_UI\case\test_GamePage_SSC_Canada30.py", line 450, in test_12_Lottery1_pro_normal_threeStar_middle3Order
    ssc_page.switch_bet_category("pro")
  File "C:\Users\alvis.chen\mobile\MobileAutomation\test_UI\page\GamePage_SSC.py", line 298, in switch_bet_category
    GamePageCommon(self.driver).check_countdown_bet_page()
  File "C:\Users\alvis.chen\mobile\MobileAutomation\test_UI\common\GamePage_Common.py", line 180, in check_countdown_bet_page
    endgame_button.click()
AttributeError: 'NoneType' object has no attribute 'click'
</pre>
    </div>
    <!--css div popup end-->
    </td>
</tr>

<tr id='ft1.13' class='none'>
    <td class='errorCase'><div class='testcase'>test_13_Lottery1_pro_normal_threeStar_back3Choice</div></td>
    <td colspan='5' align='center'>
    <!--css div popup start-->
    <a class="popup_link" onfocus='this.blur();' href="javascript:showTestDetail('div_ft1.13')" >
        ERROR</a>
    <div id='div_ft1.13' class="popup_window">
        <pre>ft1.13: Traceback (most recent call last):
  File "C:\Users\alvis.chen\mobile\MobileAutomation\utils\DataExtractor.py", line 11, in extract_text
    return re.search(target, source).group(1)
AttributeError: 'NoneType' object has no attribute 'group'

During handling of the above exception, another exception occurred:

Traceback (most recent call last):
  File "C:\Users\alvis.chen\mobile\MobileAutomation\test_UI\case\test_GamePage_SSC_Canada30.py", line 497, in test_13_Lottery1_pro_normal_threeStar_back3Choice
    order_info_confirm = bet_flow.check_order_info()
  File "C:\Users\alvis.chen\mobile\MobileAutomation\test_UI\common\GamePage_Common.py", line 336, in check_order_info
    value_game = DataExtractor.extract_text("彩种：(.+)", order_info_game)
  File "C:\Users\alvis.chen\mobile\MobileAutomation\utils\DataExtractor.py", line 15, in extract_text
    raise ValueError("Invalid query: {0}, {1}".format(target, str(e)))
ValueError: Invalid query: 彩种：(.+), 'NoneType' object has no attribute 'group'
</pre>
    </div>
    <!--css div popup end-->
    </td>
</tr>

<tr id='pt1.14' class='hiddenRow'>
    <td class='none'><div class='testcase'>test_14_Lottery1_pro_normal_threeStar_back3Order</div></td>
    <td colspan='5' align='center'>PASS</td>
</tr>

<tr id='pt1.15' class='hiddenRow'>
    <td class='none'><div class='testcase'>test_15_Lottery1_pro_normal_threeStar_front3Mix</div></td>
    <td colspan='5' align='center'>PASS</td>
</tr>

<tr id='pt1.16' class='hiddenRow'>
    <td class='none'><div class='testcase'>test_16_Lottery1_pro_normal_threeStar_middle3Mix</div></td>
    <td colspan='5' align='center'>PASS</td>
</tr>

<tr id='pt1.17' class='hiddenRow'>
    <td class='none'><div class='testcase'>test_17_Lottery1_pro_normal_threeStar_back3Mix</div></td>
    <td colspan='5' align='center'>PASS</td>
</tr>

<tr id='pt1.18' class='hiddenRow'>
    <td class='none'><div class='testcase'>test_18_Lottery1_pro_normal_threeStarGroup3_front3Group3</div></td>
    <td colspan='5' align='center'>PASS</td>
</tr>

<tr id='pt1.19' class='hiddenRow'>
    <td class='none'><div class='testcase'>test_19_Lottery1_pro_normal_threeStarGroup3_middle3Group3</div></td>
    <td colspan='5' align='center'>PASS</td>
</tr>

<tr id='pt1.20' class='hiddenRow'>
    <td class='none'><div class='testcase'>test_20_Lottery1_pro_normal_threeStarGroup3_back3Group3</div></td>
    <td colspan='5' align='center'>PASS</td>
</tr>

<tr id='pt1.21' class='hiddenRow'>
    <td class='none'><div class='testcase'>test_21_Lottery1_pro_normal_threeStarGroup6_front3Group6</div></td>
    <td colspan='5' align='center'>PASS</td>
</tr>

<tr id='pt1.22' class='hiddenRow'>
    <td class='none'><div class='testcase'>test_22_Lottery1_pro_normal_threeStarGroup6_middle3Group6</div></td>
    <td colspan='5' align='center'>PASS</td>
</tr>

<tr id='pt1.23' class='hiddenRow'>
    <td class='none'><div class='testcase'>test_23_Lottery1_pro_normal_threeStarGroup6_back3Group6</div></td>
    <td colspan='5' align='center'>PASS</td>
</tr>

<tr id='pt1.24' class='hiddenRow'>
    <td class='none'><div class='testcase'>test_24_Lottery1_pro_normal_twoStar_frontDirect</div></td>
    <td colspan='5' align='center'>PASS</td>
</tr>

<tr id='pt1.25' class='hiddenRow'>
    <td class='none'><div class='testcase'>test_25_Lottery1_pro_normal_twoStar_frontGroup</div></td>
    <td colspan='5' align='center'>PASS</td>
</tr>

<tr id='pt1.26' class='hiddenRow'>
    <td class='none'><div class='testcase'>test_26_Lottery1_pro_normal_twoStar_frontOrder</div></td>
    <td colspan='5' align='center'>PASS</td>
</tr>

<tr id='pt1.27' class='hiddenRow'>
    <td class='none'><div class='testcase'>test_27_Lottery1_pro_normal_twoStar_backDirect</div></td>
    <td colspan='5' align='center'>PASS</td>
</tr>

<tr id='pt1.28' class='hiddenRow'>
    <td class='none'><div class='testcase'>test_28_Lottery1_pro_normal_twoStar_backGroup</div></td>
    <td colspan='5' align='center'>PASS</td>
</tr>

<tr id='pt1.29' class='hiddenRow'>
    <td class='none'><div class='testcase'>test_29_Lottery1_pro_normal_twoStar_backGroup</div></td>
    <td colspan='5' align='center'>PASS</td>
</tr>

<tr id='ft1.30' class='none'>
    <td class='errorCase'><div class='testcase'>test_30_Lottery1_pro_normal_dingweidan</div></td>
    <td colspan='5' align='center'>
    <!--css div popup start-->
    <a class="popup_link" onfocus='this.blur();' href="javascript:showTestDetail('div_ft1.30')" >
        ERROR</a>
    <div id='div_ft1.30' class="popup_window">
        <pre>ft1.30: Traceback (most recent call last):
  File "C:\Users\alvis.chen\mobile\MobileAutomation\test_UI\case\test_GamePage_SSC_Canada30.py", line 1135, in test_30_Lottery1_pro_normal_dingweidan
    ssc_page.switch_pro_game_type("normal", "dingweidan")
  File "C:\Users\alvis.chen\mobile\MobileAutomation\test_UI\page\GamePage_SSC.py", line 318, in switch_pro_game_type
    game_type = self.find_element(*self.pro_game_type_normal)
  File "C:\Users\alvis.chen\mobile\MobileAutomation\test_UI\common\BasePage.py", line 19, in find_element
    WebDriverWait(self.driver, 10).until(expected_conditions.presence_of_element_located(loc))
  File "C:\Users\alvis.chen\AppData\Local\Programs\Python\Python38-32\lib\site-packages\selenium\webdriver\support\wait.py", line 80, in until
    raise TimeoutException(message, screen, stacktrace)
selenium.common.exceptions.TimeoutException: Message: 

</pre>
    </div>
    <!--css div popup end-->
    </td>
</tr>

<tr id='pt1.31' class='hiddenRow'>
    <td class='none'><div class='testcase'>test_31_Lottery1_pro_normal_budingweidan_front3</div></td>
    <td colspan='5' align='center'>PASS</td>
</tr>

<tr id='pt1.32' class='hiddenRow'>
    <td class='none'><div class='testcase'>test_32_Lottery1_pro_normal_budingweidan_middle3</div></td>
    <td colspan='5' align='center'>PASS</td>
</tr>

<tr id='ft1.33' class='none'>
    <td class='errorCase'><div class='testcase'>test_33_Lottery1_pro_normal_budingweidan_back3</div></td>
    <td colspan='5' align='center'>
    <!--css div popup start-->
    <a class="popup_link" onfocus='this.blur();' href="javascript:showTestDetail('div_ft1.33')" >
        ERROR</a>
    <div id='div_ft1.33' class="popup_window">
        <pre>ft1.33: Traceback (most recent call last):
  File "C:\Users\alvis.chen\mobile\MobileAutomation\test_UI\case\test_GamePage_SSC_Canada30.py", line 1249, in test_33_Lottery1_pro_normal_budingweidan_back3
    ssc_page.switch_pro_game_type("normal", "budingweidan", "back3")
  File "C:\Users\alvis.chen\mobile\MobileAutomation\test_UI\page\GamePage_SSC.py", line 318, in switch_pro_game_type
    game_type = self.find_element(*self.pro_game_type_normal)
  File "C:\Users\alvis.chen\mobile\MobileAutomation\test_UI\common\BasePage.py", line 19, in find_element
    WebDriverWait(self.driver, 10).until(expected_conditions.presence_of_element_located(loc))
  File "C:\Users\alvis.chen\AppData\Local\Programs\Python\Python38-32\lib\site-packages\selenium\webdriver\support\wait.py", line 80, in until
    raise TimeoutException(message, screen, stacktrace)
selenium.common.exceptions.TimeoutException: Message: 

</pre>
    </div>
    <!--css div popup end-->
    </td>
</tr>

<tr id='pt1.34' class='hiddenRow'>
    <td class='none'><div class='testcase'>test_34_Lottery1_pro_normal_bigSmallOddEven</div></td>
    <td colspan='5' align='center'>PASS</td>
</tr>

<tr id='pt1.35' class='hiddenRow'>
    <td class='none'><div class='testcase'>test_35_Lottery1_pro_normal_freeSelection_twoDirect</div></td>
    <td colspan='5' align='center'>PASS</td>
</tr>

<tr id='pt1.36' class='hiddenRow'>
    <td class='none'><div class='testcase'>test_36_Lottery1_pro_normal_freeSelection_twoGroup</div></td>
    <td colspan='5' align='center'>PASS</td>
</tr>

<tr id='ft1.37' class='none'>
    <td class='errorCase'><div class='testcase'>test_37_Lottery1_pro_normal_freeSelection_twoOrder</div></td>
    <td colspan='5' align='center'>
    <!--css div popup start-->
    <a class="popup_link" onfocus='this.blur();' href="javascript:showTestDetail('div_ft1.37')" >
        ERROR</a>
    <div id='div_ft1.37' class="popup_window">
        <pre>ft1.37: Element Not Found. Please check again. Current Page: &lt;test_UI.common.GamePage_Common.GamePageCommon object at 0x04547928&gt;,
Element: ('id', 'txt_countdown').
Traceback (most recent call last):
  File "C:\Users\alvis.chen\mobile\MobileAutomation\test_UI\case\test_GamePage_SSC_Canada30.py", line 1400, in test_37_Lottery1_pro_normal_freeSelection_twoOrder
    ssc_page.switch_bet_category("pro")
  File "C:\Users\alvis.chen\mobile\MobileAutomation\test_UI\page\GamePage_SSC.py", line 298, in switch_bet_category
    GamePageCommon(self.driver).check_countdown_bet_page()
  File "C:\Users\alvis.chen\mobile\MobileAutomation\test_UI\common\GamePage_Common.py", line 171, in check_countdown_bet_page
    info_countdown = self.find_element(*self.info_countdown_all_page).text
AttributeError: 'NoneType' object has no attribute 'text'
</pre>
    </div>
    <!--css div popup end-->
    </td>
</tr>

<tr id='ft1.38' class='none'>
    <td class='errorCase'><div class='testcase'>test_38_Lottery1_pro_normal_freeSelection_threeDirect</div></td>
    <td colspan='5' align='center'>
    <!--css div popup start-->
    <a class="popup_link" onfocus='this.blur();' href="javascript:showTestDetail('div_ft1.38')" >
        ERROR</a>
    <div id='div_ft1.38' class="popup_window">
        <pre>ft1.38: Traceback (most recent call last):
  File "C:\Users\alvis.chen\mobile\MobileAutomation\test_UI\case\test_GamePage_SSC_Canada30.py", line 1439, in test_38_Lottery1_pro_normal_freeSelection_threeDirect
    ssc_page.switch_pro_game_type("normal", "freeSelection", "threeDirect")
  File "C:\Users\alvis.chen\mobile\MobileAutomation\test_UI\page\GamePage_SSC.py", line 318, in switch_pro_game_type
    game_type = self.find_element(*self.pro_game_type_normal)
  File "C:\Users\alvis.chen\mobile\MobileAutomation\test_UI\common\BasePage.py", line 19, in find_element
    WebDriverWait(self.driver, 10).until(expected_conditions.presence_of_element_located(loc))
  File "C:\Users\alvis.chen\AppData\Local\Programs\Python\Python38-32\lib\site-packages\selenium\webdriver\support\wait.py", line 80, in until
    raise TimeoutException(message, screen, stacktrace)
selenium.common.exceptions.TimeoutException: Message: 

</pre>
    </div>
    <!--css div popup end-->
    </td>
</tr>

<tr id='pt1.39' class='hiddenRow'>
    <td class='none'><div class='testcase'>test_39_Lottery1_pro_normal_freeSelection_threeGroup3</div></td>
    <td colspan='5' align='center'>PASS</td>
</tr>

<tr id='pt1.40' class='hiddenRow'>
    <td class='none'><div class='testcase'>test_40_Lottery1_pro_normal_freeSelection_threeGroup6</div></td>
    <td colspan='5' align='center'>PASS</td>
</tr>

<tr id='pt1.41' class='hiddenRow'>
    <td class='none'><div class='testcase'>test_41_Lottery1_pro_normal_freeSelection_threeOrder</div></td>
    <td colspan='5' align='center'>PASS</td>
</tr>

<tr id='pt1.42' class='hiddenRow'>
    <td class='none'><div class='testcase'>test_42_Lottery1_pro_normal_freeSelection_fourDirect</div></td>
    <td colspan='5' align='center'>PASS</td>
</tr>

<tr id='pt1.43' class='hiddenRow'>
    <td class='none'><div class='testcase'>test_43_Lottery1_pro_normal_freeSelection_fourOrder</div></td>
    <td colspan='5' align='center'>PASS</td>
</tr>

<tr id='ft1.44' class='none'>
    <td class='errorCase'><div class='testcase'>test_44_Lottery1_two_side_firstBall</div></td>
    <td colspan='5' align='center'>
    <!--css div popup start-->
    <a class="popup_link" onfocus='this.blur();' href="javascript:showTestDetail('div_ft1.44')" >
        ERROR</a>
    <div id='div_ft1.44' class="popup_window">
        <pre>ft1.44: Traceback (most recent call last):
  File "C:\Users\alvis.chen\mobile\MobileAutomation\test_UI\case\test_GamePage_SSC_Canada30.py", line 1668, in test_44_Lottery1_two_side_firstBall
    ssc_page.betting_two_side_select_all("firstBall")
  File "C:\Users\alvis.chen\mobile\MobileAutomation\test_UI\page\GamePage_SSC.py", line 920, in betting_two_side_select_all
    buttons.click()
  File "C:\Users\alvis.chen\AppData\Local\Programs\Python\Python38-32\lib\site-packages\selenium\webdriver\remote\webelement.py", line 80, in click
    self._execute(Command.CLICK_ELEMENT)
  File "C:\Users\alvis.chen\AppData\Local\Programs\Python\Python38-32\lib\site-packages\selenium\webdriver\remote\webelement.py", line 633, in _execute
    return self._parent.execute(command, params)
  File "C:\Users\alvis.chen\AppData\Local\Programs\Python\Python38-32\lib\site-packages\selenium\webdriver\remote\webdriver.py", line 321, in execute
    self.error_handler.check_response(response)
  File "C:\Users\alvis.chen\AppData\Local\Programs\Python\Python38-32\lib\site-packages\appium\webdriver\errorhandler.py", line 29, in check_response
    raise wde
  File "C:\Users\alvis.chen\AppData\Local\Programs\Python\Python38-32\lib\site-packages\appium\webdriver\errorhandler.py", line 24, in check_response
    super(MobileErrorHandler, self).check_response(response)
  File "C:\Users\alvis.chen\AppData\Local\Programs\Python\Python38-32\lib\site-packages\selenium\webdriver\remote\errorhandler.py", line 242, in check_response
    raise exception_class(message, screen, stacktrace)
selenium.common.exceptions.WebDriverException: Message: unknown error (An unknown server-side error occurred. status='false'. Failed to complete internal method: 'click args: [NATIVE, xpath=((//*[@id='recycler_view']/*/*[@class='android.view.ViewGroup']))[14], 0, 1]', details: Element was not identified: 'xpath=((//*[@id='recycler_view']/*/*[@class='android.view.ViewGroup']))[14]' at zone NATIVE) 

</pre>
    </div>
    <!--css div popup end-->
    </td>
</tr>

<tr id='ft1.45' class='none'>
    <td class='errorCase'><div class='testcase'>test_45_Lottery1_two_side_secondBall</div></td>
    <td colspan='5' align='center'>
    <!--css div popup start-->
    <a class="popup_link" onfocus='this.blur();' href="javascript:showTestDetail('div_ft1.45')" >
        ERROR</a>
    <div id='div_ft1.45' class="popup_window">
        <pre>ft1.45: Traceback (most recent call last):
  File "C:\Users\alvis.chen\mobile\MobileAutomation\test_UI\case\test_GamePage_SSC_Canada30.py", line 1705, in test_45_Lottery1_two_side_secondBall
    ssc_page.betting_two_side_select_all("secondBall")
  File "C:\Users\alvis.chen\mobile\MobileAutomation\test_UI\page\GamePage_SSC.py", line 920, in betting_two_side_select_all
    buttons.click()
  File "C:\Users\alvis.chen\AppData\Local\Programs\Python\Python38-32\lib\site-packages\selenium\webdriver\remote\webelement.py", line 80, in click
    self._execute(Command.CLICK_ELEMENT)
  File "C:\Users\alvis.chen\AppData\Local\Programs\Python\Python38-32\lib\site-packages\selenium\webdriver\remote\webelement.py", line 633, in _execute
    return self._parent.execute(command, params)
  File "C:\Users\alvis.chen\AppData\Local\Programs\Python\Python38-32\lib\site-packages\selenium\webdriver\remote\webdriver.py", line 321, in execute
    self.error_handler.check_response(response)
  File "C:\Users\alvis.chen\AppData\Local\Programs\Python\Python38-32\lib\site-packages\appium\webdriver\errorhandler.py", line 29, in check_response
    raise wde
  File "C:\Users\alvis.chen\AppData\Local\Programs\Python\Python38-32\lib\site-packages\appium\webdriver\errorhandler.py", line 24, in check_response
    super(MobileErrorHandler, self).check_response(response)
  File "C:\Users\alvis.chen\AppData\Local\Programs\Python\Python38-32\lib\site-packages\selenium\webdriver\remote\errorhandler.py", line 242, in check_response
    raise exception_class(message, screen, stacktrace)
selenium.common.exceptions.WebDriverException: Message: unknown error (An unknown server-side error occurred. status='false'. Failed to complete internal method: 'click args: [NATIVE, xpath=((//*[@id='recycler_view']/*/*[@class='android.view.ViewGroup']))[13], 0, 1]', details: Element was not identified: 'xpath=((//*[@id='recycler_view']/*/*[@class='android.view.ViewGroup']))[13]' at zone NATIVE) 

</pre>
    </div>
    <!--css div popup end-->
    </td>
</tr>

<tr id='ft1.46' class='none'>
    <td class='errorCase'><div class='testcase'>test_46_Lottery1_two_side_thirdBall</div></td>
    <td colspan='5' align='center'>
    <!--css div popup start-->
    <a class="popup_link" onfocus='this.blur();' href="javascript:showTestDetail('div_ft1.46')" >
        ERROR</a>
    <div id='div_ft1.46' class="popup_window">
        <pre>ft1.46: Traceback (most recent call last):
  File "C:\Users\alvis.chen\mobile\MobileAutomation\test_UI\case\test_GamePage_SSC_Canada30.py", line 1742, in test_46_Lottery1_two_side_thirdBall
    ssc_page.betting_two_side_select_all("thirdBall")
  File "C:\Users\alvis.chen\mobile\MobileAutomation\test_UI\page\GamePage_SSC.py", line 920, in betting_two_side_select_all
    buttons.click()
  File "C:\Users\alvis.chen\AppData\Local\Programs\Python\Python38-32\lib\site-packages\selenium\webdriver\remote\webelement.py", line 80, in click
    self._execute(Command.CLICK_ELEMENT)
  File "C:\Users\alvis.chen\AppData\Local\Programs\Python\Python38-32\lib\site-packages\selenium\webdriver\remote\webelement.py", line 633, in _execute
    return self._parent.execute(command, params)
  File "C:\Users\alvis.chen\AppData\Local\Programs\Python\Python38-32\lib\site-packages\selenium\webdriver\remote\webdriver.py", line 321, in execute
    self.error_handler.check_response(response)
  File "C:\Users\alvis.chen\AppData\Local\Programs\Python\Python38-32\lib\site-packages\appium\webdriver\errorhandler.py", line 29, in check_response
    raise wde
  File "C:\Users\alvis.chen\AppData\Local\Programs\Python\Python38-32\lib\site-packages\appium\webdriver\errorhandler.py", line 24, in check_response
    super(MobileErrorHandler, self).check_response(response)
  File "C:\Users\alvis.chen\AppData\Local\Programs\Python\Python38-32\lib\site-packages\selenium\webdriver\remote\errorhandler.py", line 242, in check_response
    raise exception_class(message, screen, stacktrace)
selenium.common.exceptions.WebDriverException: Message: unknown error (An unknown server-side error occurred. status='false'. Failed to complete internal method: 'click args: [NATIVE, xpath=((//*[@id='recycler_view']/*/*[@class='android.view.ViewGroup']))[12], 0, 1]', details: Element was not identified: 'xpath=((//*[@id='recycler_view']/*/*[@class='android.view.ViewGroup']))[12]' at zone NATIVE) 

</pre>
    </div>
    <!--css div popup end-->
    </td>
</tr>

<tr id='ft1.47' class='none'>
    <td class='errorCase'><div class='testcase'>test_47_Lottery1_two_side_fourthBall</div></td>
    <td colspan='5' align='center'>
    <!--css div popup start-->
    <a class="popup_link" onfocus='this.blur();' href="javascript:showTestDetail('div_ft1.47')" >
        ERROR</a>
    <div id='div_ft1.47' class="popup_window">
        <pre>ft1.47: Traceback (most recent call last):
  File "C:\Users\alvis.chen\mobile\MobileAutomation\test_UI\case\test_GamePage_SSC_Canada30.py", line 1779, in test_47_Lottery1_two_side_fourthBall
    ssc_page.betting_two_side_select_all("fourthBall")
  File "C:\Users\alvis.chen\mobile\MobileAutomation\test_UI\page\GamePage_SSC.py", line 920, in betting_two_side_select_all
    buttons.click()
  File "C:\Users\alvis.chen\AppData\Local\Programs\Python\Python38-32\lib\site-packages\selenium\webdriver\remote\webelement.py", line 80, in click
    self._execute(Command.CLICK_ELEMENT)
  File "C:\Users\alvis.chen\AppData\Local\Programs\Python\Python38-32\lib\site-packages\selenium\webdriver\remote\webelement.py", line 633, in _execute
    return self._parent.execute(command, params)
  File "C:\Users\alvis.chen\AppData\Local\Programs\Python\Python38-32\lib\site-packages\selenium\webdriver\remote\webdriver.py", line 321, in execute
    self.error_handler.check_response(response)
  File "C:\Users\alvis.chen\AppData\Local\Programs\Python\Python38-32\lib\site-packages\appium\webdriver\errorhandler.py", line 29, in check_response
    raise wde
  File "C:\Users\alvis.chen\AppData\Local\Programs\Python\Python38-32\lib\site-packages\appium\webdriver\errorhandler.py", line 24, in check_response
    super(MobileErrorHandler, self).check_response(response)
  File "C:\Users\alvis.chen\AppData\Local\Programs\Python\Python38-32\lib\site-packages\selenium\webdriver\remote\errorhandler.py", line 242, in check_response
    raise exception_class(message, screen, stacktrace)
selenium.common.exceptions.WebDriverException: Message: unknown error (An unknown server-side error occurred. status='false'. Failed to complete internal method: 'click args: [NATIVE, xpath=((//*[@id='recycler_view']/*/*[@class='android.view.ViewGroup']))[11], 0, 1]', details: Element was not identified: 'xpath=((//*[@id='recycler_view']/*/*[@class='android.view.ViewGroup']))[11]' at zone NATIVE) 

</pre>
    </div>
    <!--css div popup end-->
    </td>
</tr>

<tr id='ft1.48' class='none'>
    <td class='errorCase'><div class='testcase'>test_48_Lottery1_two_side_fifthBall</div></td>
    <td colspan='5' align='center'>
    <!--css div popup start-->
    <a class="popup_link" onfocus='this.blur();' href="javascript:showTestDetail('div_ft1.48')" >
        ERROR</a>
    <div id='div_ft1.48' class="popup_window">
        <pre>ft1.48: Traceback (most recent call last):
  File "C:\Users\alvis.chen\mobile\MobileAutomation\test_UI\case\test_GamePage_SSC_Canada30.py", line 1816, in test_48_Lottery1_two_side_fifthBall
    ssc_page.betting_two_side_select_all("fifthBall")
  File "C:\Users\alvis.chen\mobile\MobileAutomation\test_UI\page\GamePage_SSC.py", line 920, in betting_two_side_select_all
    buttons.click()
  File "C:\Users\alvis.chen\AppData\Local\Programs\Python\Python38-32\lib\site-packages\selenium\webdriver\remote\webelement.py", line 80, in click
    self._execute(Command.CLICK_ELEMENT)
  File "C:\Users\alvis.chen\AppData\Local\Programs\Python\Python38-32\lib\site-packages\selenium\webdriver\remote\webelement.py", line 633, in _execute
    return self._parent.execute(command, params)
  File "C:\Users\alvis.chen\AppData\Local\Programs\Python\Python38-32\lib\site-packages\selenium\webdriver\remote\webdriver.py", line 321, in execute
    self.error_handler.check_response(response)
  File "C:\Users\alvis.chen\AppData\Local\Programs\Python\Python38-32\lib\site-packages\appium\webdriver\errorhandler.py", line 29, in check_response
    raise wde
  File "C:\Users\alvis.chen\AppData\Local\Programs\Python\Python38-32\lib\site-packages\appium\webdriver\errorhandler.py", line 24, in check_response
    super(MobileErrorHandler, self).check_response(response)
  File "C:\Users\alvis.chen\AppData\Local\Programs\Python\Python38-32\lib\site-packages\selenium\webdriver\remote\errorhandler.py", line 242, in check_response
    raise exception_class(message, screen, stacktrace)
selenium.common.exceptions.WebDriverException: Message: unknown error (An unknown server-side error occurred. status='false'. Failed to complete internal method: 'click args: [NATIVE, xpath=((//*[@id='recycler_view']/*/*[@class='android.view.ViewGroup']))[14], 0, 1]', details: Element was not identified: 'xpath=((//*[@id='recycler_view']/*/*[@class='android.view.ViewGroup']))[14]' at zone NATIVE) 

</pre>
    </div>
    <!--css div popup end-->
    </td>
</tr>

<tr id='ft1.49' class='none'>
    <td class='failCase'><div class='testcase'>test_49_Lottery1_two_side_total</div></td>
    <td colspan='5' align='center'>
    <!--css div popup start-->
    <a class="popup_link" onfocus='this.blur();' href="javascript:showTestDetail('div_ft1.49')" >
        FAIL</a>
    <div id='div_ft1.49' class="popup_window">
        <pre>ft1.49: Traceback (most recent call last):
  File "C:\Users\alvis.chen\mobile\MobileAutomation\test_UI\case\test_GamePage_SSC_Canada30.py", line 1879, in test_49_Lottery1_two_side_total
    self.assertEqual("8", v1_amount)
AssertionError: '8' != '126'
- 8
+ 126

</pre>
    </div>
    <!--css div popup end-->
    </td>
</tr>

<tr id='pt1.50' class='hiddenRow'>
    <td class='none'><div class='testcase'>test_50_Lottery1_two_side_front3</div></td>
    <td colspan='5' align='center'>PASS</td>
</tr>

<tr id='pt1.51' class='hiddenRow'>
    <td class='none'><div class='testcase'>test_51_Lottery1_two_side_middle3</div></td>
    <td colspan='5' align='center'>PASS</td>
</tr>

<tr id='pt1.52' class='hiddenRow'>
    <td class='none'><div class='testcase'>test_52_Lottery1_two_side_back3</div></td>
    <td colspan='5' align='center'>PASS</td>
</tr>

<tr id='ft1.53' class='none'>
    <td class='errorCase'><div class='testcase'>test_53_Lottery1_two_side_dragon</div></td>
    <td colspan='5' align='center'>
    <!--css div popup start-->
    <a class="popup_link" onfocus='this.blur();' href="javascript:showTestDetail('div_ft1.53')" >
        ERROR</a>
    <div id='div_ft1.53' class="popup_window">
        <pre>ft1.53: Traceback (most recent call last):
  File "C:\Users\alvis.chen\mobile\MobileAutomation\test_UI\case\test_GamePage_SSC_Canada30.py", line 2001, in test_53_Lottery1_two_side_dragon
    ssc_page.betting_two_side_select_all("dragon")
  File "C:\Users\alvis.chen\mobile\MobileAutomation\test_UI\page\GamePage_SSC.py", line 920, in betting_two_side_select_all
    buttons.click()
  File "C:\Users\alvis.chen\AppData\Local\Programs\Python\Python38-32\lib\site-packages\selenium\webdriver\remote\webelement.py", line 80, in click
    self._execute(Command.CLICK_ELEMENT)
  File "C:\Users\alvis.chen\AppData\Local\Programs\Python\Python38-32\lib\site-packages\selenium\webdriver\remote\webelement.py", line 633, in _execute
    return self._parent.execute(command, params)
  File "C:\Users\alvis.chen\AppData\Local\Programs\Python\Python38-32\lib\site-packages\selenium\webdriver\remote\webdriver.py", line 321, in execute
    self.error_handler.check_response(response)
  File "C:\Users\alvis.chen\AppData\Local\Programs\Python\Python38-32\lib\site-packages\appium\webdriver\errorhandler.py", line 29, in check_response
    raise wde
  File "C:\Users\alvis.chen\AppData\Local\Programs\Python\Python38-32\lib\site-packages\appium\webdriver\errorhandler.py", line 24, in check_response
    super(MobileErrorHandler, self).check_response(response)
  File "C:\Users\alvis.chen\AppData\Local\Programs\Python\Python38-32\lib\site-packages\selenium\webdriver\remote\errorhandler.py", line 242, in check_response
    raise exception_class(message, screen, stacktrace)
selenium.common.exceptions.WebDriverException: Message: unknown error (An unknown server-side error occurred. status='false'. Failed to complete internal method: 'click args: [NATIVE, xpath=((//*[@id='recycler_view']/*/*[@class='android.view.ViewGroup']))[9], 0, 1]', details: Element was not identified: 'xpath=((//*[@id='recycler_view']/*/*[@class='android.view.ViewGroup']))[9]' at zone NATIVE) 

</pre>
    </div>
    <!--css div popup end-->
    </td>
</tr>

<tr id='ft1.54' class='none'>
    <td class='failCase'><div class='testcase'>test_54_Lottery1_two_side_tiger</div></td>
    <td colspan='5' align='center'>
    <!--css div popup start-->
    <a class="popup_link" onfocus='this.blur();' href="javascript:showTestDetail('div_ft1.54')" >
        FAIL</a>
    <div id='div_ft1.54' class="popup_window">
        <pre>ft1.54: Traceback (most recent call last):
  File "C:\Users\alvis.chen\mobile\MobileAutomation\test_UI\case\test_GamePage_SSC_Canada30.py", line 2064, in test_54_Lottery1_two_side_tiger
    self.assertEqual("20", v1_amount)
AssertionError: '20' != '36'
- 20
+ 36

</pre>
    </div>
    <!--css div popup end-->
    </td>
</tr>

<tr id='ft1.55' class='none'>
    <td class='errorCase'><div class='testcase'>test_55_Lottery1_two_side_equal</div></td>
    <td colspan='5' align='center'>
    <!--css div popup start-->
    <a class="popup_link" onfocus='this.blur();' href="javascript:showTestDetail('div_ft1.55')" >
        ERROR</a>
    <div id='div_ft1.55' class="popup_window">
        <pre>ft1.55: Element Not Found. Please check again. Current Page: &lt;test_UI.common.GamePage_Common.GamePageCommon object at 0x04547AA8&gt;,
Element: ('id', 'txt_countdown').
Traceback (most recent call last):
  File "C:\Users\alvis.chen\mobile\MobileAutomation\test_UI\case\test_GamePage_SSC_Canada30.py", line 2078, in test_55_Lottery1_two_side_equal
    bet_flow.betting_two_side_bet_setting("2")
  File "C:\Users\alvis.chen\mobile\MobileAutomation\test_UI\common\GamePage_Common.py", line 279, in betting_two_side_bet_setting
    self.check_countdown_bet_page()
  File "C:\Users\alvis.chen\mobile\MobileAutomation\test_UI\common\GamePage_Common.py", line 171, in check_countdown_bet_page
    info_countdown = self.find_element(*self.info_countdown_all_page).text
AttributeError: 'NoneType' object has no attribute 'text'
</pre>
    </div>
    <!--css div popup end-->
    </td>
</tr>

        <tr id='total_row'>
            <td>Total</td>
            <td>55</td>
            <td>36</td>
            <td>2</td>
            <td>17</td>
            <td>&nbsp;</td>
        </tr>
    </table>

        <div id='ending'>&nbsp;</div>
        
    <script type="text/javascript">
        // 基于准备好的dom，初始化echarts实例
        var myChart = echarts.init(document.getElementById('chart'));
        // 指定图表的配置项和数据
        var option = {
            title : {
                text: 'Test Status',
                x:'center'
            },
            tooltip : {
                trigger: 'item',
                formatter: "{a} <br/>{b} : {c} ({d}%)"
            },
            color: ['#95b75d', 'grey', '#b64645'],
            legend: {
                orient: 'vertical',
                left: 'left',
                data: ['PASS','FAIL','ERROR']
            },
            series : [
                {
                    name: 'Test Status',
                    type: 'pie',
                    radius : '60%',
                    center: ['50%', '60%'],
                    data:[
                        {value:36, name:'PASS'},
                        {value:2, name:'FAIL'},
                        {value:17, name:'ERROR'}
                    ],
                    itemStyle: {
                        emphasis: {
                            shadowBlur: 10,
                            shadowOffsetX: 0,
                            shadowColor: 'rgba(0, 0, 0, 0.5)'
                        }
                    }
                }
            ]
        };
        // 使用刚指定的配置项和数据显示图表。
        myChart.setOption(option);
    </script>
    
    </div>
</body>
</html>
